0 info it worked if it ends with ok
1 verbose cli [ '/usr/local/opt/nvm/versions/node/v6.6.0/bin/node',
1 verbose cli   '/usr/local/opt/nvm/versions/node/v6.6.0/bin/npm',
1 verbose cli   'install' ]
2 info using npm@3.10.3
3 info using node@v6.6.0
4 silly loadCurrentTree Starting
5 silly install loadCurrentTree
6 silly install readLocalPackageData
7 silly install normalizeTree
8 silly loadCurrentTree Finishing
9 silly loadIdealTree Starting
10 silly install loadIdealTree
11 silly cloneCurrentTree Starting
12 silly install cloneCurrentTreeToIdealTree
13 silly cloneCurrentTree Finishing
14 silly loadShrinkwrap Starting
15 silly install loadShrinkwrap
16 silly loadShrinkwrap Finishing
17 silly loadAllDepsIntoIdealTree Starting
18 silly install loadAllDepsIntoIdealTree
19 silly fetchNamedPackageData framing
20 silly mapToRegistry name framing
21 silly mapToRegistry using default registry
22 silly mapToRegistry registry http://nexus.jpg.com/content/groups/npm-all/
23 silly mapToRegistry data Result {
23 silly mapToRegistry   raw: 'framing',
23 silly mapToRegistry   scope: null,
23 silly mapToRegistry   escapedName: 'framing',
23 silly mapToRegistry   name: 'framing',
23 silly mapToRegistry   rawSpec: '',
23 silly mapToRegistry   spec: 'latest',
23 silly mapToRegistry   type: 'tag' }
24 silly mapToRegistry uri http://nexus.jpg.com/content/groups/npm-all/framing
25 silly fetchDirectoryPackageData client
26 silly fetchDirectoryPackageData server
27 silly fetchDirectoryPackageData prizmdoc
28 silly resolveWithNewModule client@1.0.0 checking installable status
29 silly cache add args [ 'client@../client', null ]
30 verbose cache add spec client@../client
31 silly resolveWithNewModule prizmdoc@1.0.0 checking installable status
32 silly cache add args [ 'prizmdoc@../prizmdoc', null ]
33 verbose cache add spec prizmdoc@../prizmdoc
34 silly resolveWithNewModule server@1.0.0 checking installable status
35 silly cache add args [ 'server@../server', null ]
36 verbose cache add spec server@../server
37 silly cache add parsed spec Result {
37 silly cache add   raw: 'client@../client',
37 silly cache add   scope: null,
37 silly cache add   escapedName: 'client',
37 silly cache add   name: 'client',
37 silly cache add   rawSpec: '../client',
37 silly cache add   spec: '/Users/mpardue/Projects/demos/api-world-framing/service-example/client',
37 silly cache add   type: 'directory' }
38 silly cache add parsed spec Result {
38 silly cache add   raw: 'prizmdoc@../prizmdoc',
38 silly cache add   scope: null,
38 silly cache add   escapedName: 'prizmdoc',
38 silly cache add   name: 'prizmdoc',
38 silly cache add   rawSpec: '../prizmdoc',
38 silly cache add   spec: '/Users/mpardue/Projects/demos/api-world-framing/service-example/prizmdoc',
38 silly cache add   type: 'directory' }
39 silly cache add parsed spec Result {
39 silly cache add   raw: 'server@../server',
39 silly cache add   scope: null,
39 silly cache add   escapedName: 'server',
39 silly cache add   name: 'server',
39 silly cache add   rawSpec: '../server',
39 silly cache add   spec: '/Users/mpardue/Projects/demos/api-world-framing/service-example/server',
39 silly cache add   type: 'directory' }
40 verbose request uri http://nexus.jpg.com/content/groups/npm-all/framing
41 verbose request always-auth set; sending authorization
42 info attempt registry request try #1 at 5:17:31 PM
43 verbose request id d39f15b5046f9fac
44 verbose lastModified Mon, 12 Sep 2016 21:04:19 GMT
45 http request GET http://nexus.jpg.com/content/groups/npm-all/framing
46 verbose addLocalDirectory /Users/mpardue/.npm/client/1.0.0/package.tgz not in flight; packing
47 verbose correctMkdir /Users/mpardue/.npm correctMkdir not in flight; initializing
48 verbose addLocalDirectory /Users/mpardue/.npm/prizmdoc/1.0.0/package.tgz not in flight; packing
49 verbose correctMkdir /Users/mpardue/.npm correctMkdir already in flight; waiting
50 verbose addLocalDirectory /Users/mpardue/.npm/server/1.0.0/package.tgz not in flight; packing
51 verbose correctMkdir /Users/mpardue/.npm correctMkdir not in flight; initializing
52 info lifecycle client@1.0.0~prepublish: client@1.0.0
53 info lifecycle prizmdoc@1.0.0~prepublish: prizmdoc@1.0.0
54 silly lifecycle client@1.0.0~prepublish: no script for prepublish, continuing
55 silly lifecycle prizmdoc@1.0.0~prepublish: no script for prepublish, continuing
56 info lifecycle server@1.0.0~prepublish: server@1.0.0
57 verbose tar pack [ '/Users/mpardue/.npm/client/1.0.0/package.tgz',
57 verbose tar pack   '/Users/mpardue/Projects/demos/api-world-framing/service-example/client' ]
58 verbose tarball /Users/mpardue/.npm/client/1.0.0/package.tgz
59 verbose folder /Users/mpardue/Projects/demos/api-world-framing/service-example/client
60 verbose tar pack [ '/Users/mpardue/.npm/prizmdoc/1.0.0/package.tgz',
60 verbose tar pack   '/Users/mpardue/Projects/demos/api-world-framing/service-example/prizmdoc' ]
61 verbose tarball /Users/mpardue/.npm/prizmdoc/1.0.0/package.tgz
62 verbose folder /Users/mpardue/Projects/demos/api-world-framing/service-example/prizmdoc
63 silly lifecycle server@1.0.0~prepublish: no script for prepublish, continuing
64 verbose tar pack [ '/Users/mpardue/.npm/server/1.0.0/package.tgz',
64 verbose tar pack   '/Users/mpardue/Projects/demos/api-world-framing/service-example/server' ]
65 verbose tarball /Users/mpardue/.npm/server/1.0.0/package.tgz
66 verbose folder /Users/mpardue/Projects/demos/api-world-framing/service-example/server
67 verbose addLocalTarball adding from inside cache /Users/mpardue/.npm/prizmdoc/1.0.0/package.tgz
68 verbose correctMkdir /Users/mpardue/.npm correctMkdir not in flight; initializing
69 verbose addLocalTarball adding from inside cache /Users/mpardue/.npm/server/1.0.0/package.tgz
70 verbose correctMkdir /Users/mpardue/.npm correctMkdir not in flight; initializing
71 http 200 http://nexus.jpg.com/content/groups/npm-all/framing
72 verbose headers { server: 'nginx/1.4.6 (Ubuntu)',
72 verbose headers   date: 'Thu, 15 Sep 2016 21:17:32 GMT',
72 verbose headers   'content-type': 'application/json',
72 verbose headers   'content-length': '33165',
72 verbose headers   connection: 'keep-alive',
72 verbose headers   'x-frame-options': 'SAMEORIGIN',
72 verbose headers   'x-content-type-options': 'nosniff',
72 verbose headers   'accept-ranges': 'bytes',
72 verbose headers   'last-modified': 'Thu, 15 Sep 2016 21:17:32 GMT' }
73 silly get cb [ 200,
73 silly get   { server: 'nginx/1.4.6 (Ubuntu)',
73 silly get     date: 'Thu, 15 Sep 2016 21:17:32 GMT',
73 silly get     'content-type': 'application/json',
73 silly get     'content-length': '33165',
73 silly get     connection: 'keep-alive',
73 silly get     'x-frame-options': 'SAMEORIGIN',
73 silly get     'x-content-type-options': 'nosniff',
73 silly get     'accept-ranges': 'bytes',
73 silly get     'last-modified': 'Thu, 15 Sep 2016 21:17:32 GMT' } ]
74 verbose get saving framing to /Users/mpardue/.npm/nexus.jpg.com/content/groups/npm-all/framing/.cache.json
75 verbose correctMkdir /Users/mpardue/.npm correctMkdir not in flight; initializing
76 silly cache afterAdd prizmdoc@1.0.0
77 verbose afterAdd /Users/mpardue/.npm/prizmdoc/1.0.0/package/package.json not in flight; writing
78 verbose correctMkdir /Users/mpardue/.npm correctMkdir not in flight; initializing
79 silly fetchPackageMetaData Error: No compatible version found: framing@^3.0.0
79 silly fetchPackageMetaData Valid install targets:
79 silly fetchPackageMetaData 2.0.0-epsilon.4, 2.0.0-epsilon.3, 2.0.0-epsilon.2, 2.0.0-epsilon.1, 2.0.0-debugentry.3, 2.0.0-debugentry.2, 2.0.0-debugentry.1, 2.0.0-alpha.22, 2.0.0-alpha.21, 2.0.0-alpha.20, 2.0.0-alpha.19, 2.0.0-alpha.18, 2.0.0-alpha.17, 2.0.0-alpha.16, 2.0.0-alpha.15, 2.0.0-alpha.14, 2.0.0-alpha.13, 2.0.0-alpha.12, 2.0.0-alpha.11, 2.0.0-alpha.10, 2.0.0-alpha.9, 2.0.0-alpha.8, 2.0.0-alpha.7, 2.0.0-alpha.6, 2.0.0-alpha.3, 2.0.0-alpha.2, 2.0.0-alpha.1, 1.1.0, 1.1.0-Master.1
79 silly fetchPackageMetaData
79 silly fetchPackageMetaData     at pickVersionFromRegistryDocument (/usr/local/opt/nvm/versions/node/v6.6.0/lib/node_modules/npm/lib/fetch-package-metadata.js:170:16)
79 silly fetchPackageMetaData     at /usr/local/opt/nvm/versions/node/v6.6.0/lib/node_modules/npm/node_modules/iferr/index.js:13:50
79 silly fetchPackageMetaData     at /usr/local/opt/nvm/versions/node/v6.6.0/lib/node_modules/npm/lib/utils/pulse-till-done.js:20:8
79 silly fetchPackageMetaData     at saved (/usr/local/opt/nvm/versions/node/v6.6.0/lib/node_modules/npm/lib/cache/caching-client.js:174:7)
79 silly fetchPackageMetaData     at /usr/local/opt/nvm/versions/node/v6.6.0/lib/node_modules/npm/node_modules/graceful-fs/polyfills.js:210:7
79 silly fetchPackageMetaData     at FSReqWrap.oncomplete (fs.js:123:15)
79 silly fetchPackageMetaData  error for framing@^3.0.0 Error: No compatible version found: framing@^3.0.0
79 silly fetchPackageMetaData Valid install targets:
79 silly fetchPackageMetaData 2.0.0-epsilon.4, 2.0.0-epsilon.3, 2.0.0-epsilon.2, 2.0.0-epsilon.1, 2.0.0-debugentry.3, 2.0.0-debugentry.2, 2.0.0-debugentry.1, 2.0.0-alpha.22, 2.0.0-alpha.21, 2.0.0-alpha.20, 2.0.0-alpha.19, 2.0.0-alpha.18, 2.0.0-alpha.17, 2.0.0-alpha.16, 2.0.0-alpha.15, 2.0.0-alpha.14, 2.0.0-alpha.13, 2.0.0-alpha.12, 2.0.0-alpha.11, 2.0.0-alpha.10, 2.0.0-alpha.9, 2.0.0-alpha.8, 2.0.0-alpha.7, 2.0.0-alpha.6, 2.0.0-alpha.3, 2.0.0-alpha.2, 2.0.0-alpha.1, 1.1.0, 1.1.0-Master.1
79 silly fetchPackageMetaData
79 silly fetchPackageMetaData     at pickVersionFromRegistryDocument (/usr/local/opt/nvm/versions/node/v6.6.0/lib/node_modules/npm/lib/fetch-package-metadata.js:170:16)
79 silly fetchPackageMetaData     at /usr/local/opt/nvm/versions/node/v6.6.0/lib/node_modules/npm/node_modules/iferr/index.js:13:50
79 silly fetchPackageMetaData     at /usr/local/opt/nvm/versions/node/v6.6.0/lib/node_modules/npm/lib/utils/pulse-till-done.js:20:8
79 silly fetchPackageMetaData     at saved (/usr/local/opt/nvm/versions/node/v6.6.0/lib/node_modules/npm/lib/cache/caching-client.js:174:7)
79 silly fetchPackageMetaData     at /usr/local/opt/nvm/versions/node/v6.6.0/lib/node_modules/npm/node_modules/graceful-fs/polyfills.js:210:7
79 silly fetchPackageMetaData     at FSReqWrap.oncomplete (fs.js:123:15)
80 silly cache afterAdd server@1.0.0
81 verbose afterAdd /Users/mpardue/.npm/server/1.0.0/package/package.json not in flight; writing
82 verbose correctMkdir /Users/mpardue/.npm correctMkdir not in flight; initializing
83 verbose afterAdd /Users/mpardue/.npm/prizmdoc/1.0.0/package/package.json written
84 verbose afterAdd /Users/mpardue/.npm/server/1.0.0/package/package.json written
85 verbose addLocalTarball adding from inside cache /Users/mpardue/.npm/client/1.0.0/package.tgz
86 verbose correctMkdir /Users/mpardue/.npm correctMkdir not in flight; initializing
87 silly cache afterAdd client@1.0.0
88 verbose afterAdd /Users/mpardue/.npm/client/1.0.0/package/package.json not in flight; writing
89 verbose correctMkdir /Users/mpardue/.npm correctMkdir not in flight; initializing
90 verbose afterAdd /Users/mpardue/.npm/client/1.0.0/package/package.json written
91 silly rollbackFailedOptional Starting
92 silly rollbackFailedOptional Finishing
93 silly runTopLevelLifecycles Starting
94 silly runTopLevelLifecycles Finishing
95 silly install printInstalled
96 verbose stack Error: No compatible version found: framing@^3.0.0
96 verbose stack Valid install targets:
96 verbose stack 2.0.0-epsilon.4, 2.0.0-epsilon.3, 2.0.0-epsilon.2, 2.0.0-epsilon.1, 2.0.0-debugentry.3, 2.0.0-debugentry.2, 2.0.0-debugentry.1, 2.0.0-alpha.22, 2.0.0-alpha.21, 2.0.0-alpha.20, 2.0.0-alpha.19, 2.0.0-alpha.18, 2.0.0-alpha.17, 2.0.0-alpha.16, 2.0.0-alpha.15, 2.0.0-alpha.14, 2.0.0-alpha.13, 2.0.0-alpha.12, 2.0.0-alpha.11, 2.0.0-alpha.10, 2.0.0-alpha.9, 2.0.0-alpha.8, 2.0.0-alpha.7, 2.0.0-alpha.6, 2.0.0-alpha.3, 2.0.0-alpha.2, 2.0.0-alpha.1, 1.1.0, 1.1.0-Master.1
96 verbose stack
96 verbose stack     at pickVersionFromRegistryDocument (/usr/local/opt/nvm/versions/node/v6.6.0/lib/node_modules/npm/lib/fetch-package-metadata.js:170:16)
96 verbose stack     at /usr/local/opt/nvm/versions/node/v6.6.0/lib/node_modules/npm/node_modules/iferr/index.js:13:50
96 verbose stack     at /usr/local/opt/nvm/versions/node/v6.6.0/lib/node_modules/npm/lib/utils/pulse-till-done.js:20:8
96 verbose stack     at saved (/usr/local/opt/nvm/versions/node/v6.6.0/lib/node_modules/npm/lib/cache/caching-client.js:174:7)
96 verbose stack     at /usr/local/opt/nvm/versions/node/v6.6.0/lib/node_modules/npm/node_modules/graceful-fs/polyfills.js:210:7
96 verbose stack     at FSReqWrap.oncomplete (fs.js:123:15)
97 verbose cwd /Users/mpardue/Projects/demos/api-world-framing/service-example/service
98 error Darwin 15.6.0
99 error argv "/usr/local/opt/nvm/versions/node/v6.6.0/bin/node" "/usr/local/opt/nvm/versions/node/v6.6.0/bin/npm" "install"
100 error node v6.6.0
101 error npm  v3.10.3
102 error No compatible version found: framing@^3.0.0
102 error Valid install targets:
102 error 2.0.0-epsilon.4, 2.0.0-epsilon.3, 2.0.0-epsilon.2, 2.0.0-epsilon.1, 2.0.0-debugentry.3, 2.0.0-debugentry.2, 2.0.0-debugentry.1, 2.0.0-alpha.22, 2.0.0-alpha.21, 2.0.0-alpha.20, 2.0.0-alpha.19, 2.0.0-alpha.18, 2.0.0-alpha.17, 2.0.0-alpha.16, 2.0.0-alpha.15, 2.0.0-alpha.14, 2.0.0-alpha.13, 2.0.0-alpha.12, 2.0.0-alpha.11, 2.0.0-alpha.10, 2.0.0-alpha.9, 2.0.0-alpha.8, 2.0.0-alpha.7, 2.0.0-alpha.6, 2.0.0-alpha.3, 2.0.0-alpha.2, 2.0.0-alpha.1, 1.1.0, 1.1.0-Master.1
103 error If you need help, you may report this error at:
103 error     <https://github.com/npm/npm/issues>
104 verbose exit [ 1, true ]
